<?xml version="1.0" encoding="UTF-8"?>
<checkstyle version="6.18">
<file name="/Users/mickeyf/maven/demo-project2/simple-java-app/src/main/java/com/sample/java/HelloApp.java">
<error line="0" severity="error" message="Missing package-info.java file." source="com.puppycrawl.tools.checkstyle.checks.javadoc.JavadocPackageCheck"/>
<error line="4" severity="error" message="Line has trailing spaces." source="com.puppycrawl.tools.checkstyle.checks.regexp.RegexpSinglelineCheck"/>
<error line="8" column="1" severity="error" message="Utility classes should not have a public or default constructor." source="com.puppycrawl.tools.checkstyle.checks.design.HideUtilityClassConstructorCheck"/>
<error line="10" column="5" severity="error" message="Missing a Javadoc comment." source="com.puppycrawl.tools.checkstyle.checks.javadoc.JavadocVariableCheck"/>
<error line="10" column="16" severity="error" message="Name &apos;DEFAULT_TIMES&apos; must match pattern &apos;^[a-z][a-zA-Z0-9]*$&apos;." source="com.puppycrawl.tools.checkstyle.checks.naming.StaticVariableNameCheck"/>
<error line="10" column="16" severity="error" message="Variable &apos;DEFAULT_TIMES&apos; must be private and have accessor methods." source="com.puppycrawl.tools.checkstyle.checks.design.VisibilityModifierCheck"/>
<error line="10" column="32" severity="error" message="&apos;3&apos; is a magic number." source="com.puppycrawl.tools.checkstyle.checks.coding.MagicNumberCheck"/>
<error line="12" column="5" severity="error" message="Missing a Javadoc comment." source="com.puppycrawl.tools.checkstyle.checks.javadoc.JavadocVariableCheck"/>
<error line="12" column="16" severity="error" message="Name &apos;EXIT_STATUS_PARAMETER_NOT_UNDERSTOOD&apos; must match pattern &apos;^[a-z][a-zA-Z0-9]*$&apos;." source="com.puppycrawl.tools.checkstyle.checks.naming.StaticVariableNameCheck"/>
<error line="12" column="16" severity="error" message="Variable &apos;EXIT_STATUS_PARAMETER_NOT_UNDERSTOOD&apos; must be private and have accessor methods." source="com.puppycrawl.tools.checkstyle.checks.design.VisibilityModifierCheck"/>
<error line="13" column="5" severity="error" message="Missing a Javadoc comment." source="com.puppycrawl.tools.checkstyle.checks.javadoc.JavadocVariableCheck"/>
<error line="13" column="16" severity="error" message="Name &apos;EXIT_STATUS_HELLO_FAILED&apos; must match pattern &apos;^[a-z][a-zA-Z0-9]*$&apos;." source="com.puppycrawl.tools.checkstyle.checks.naming.StaticVariableNameCheck"/>
<error line="13" column="16" severity="error" message="Variable &apos;EXIT_STATUS_HELLO_FAILED&apos; must be private and have accessor methods." source="com.puppycrawl.tools.checkstyle.checks.design.VisibilityModifierCheck"/>
<error line="13" column="43" severity="error" message="&apos;4&apos; is a magic number." source="com.puppycrawl.tools.checkstyle.checks.coding.MagicNumberCheck"/>
<error line="20" severity="error" message="Expected an @return tag." source="com.puppycrawl.tools.checkstyle.checks.javadoc.JavadocMethodCheck"/>
<error line="20" column="31" severity="error" message="Parameter args should be final." source="com.puppycrawl.tools.checkstyle.checks.FinalParametersCheck"/>
<error line="27" severity="error" message="Line is longer than 80 characters (found 92)." source="com.puppycrawl.tools.checkstyle.checks.sizes.LineLengthCheck"/>
<error line="27" column="92" severity="error" message="&apos;+&apos; should be on a new line." source="com.puppycrawl.tools.checkstyle.checks.whitespace.OperatorWrapCheck"/>
</file>
<file name="/Users/mickeyf/maven/demo-project2/simple-java-app/src/main/java/com/sample/java/Hello.java">
<error line="3" column="8" severity="error" message="Unused import - java.io.PrintStream." source="com.puppycrawl.tools.checkstyle.checks.imports.UnusedImportsCheck"/>
<error line="5" severity="error" message="First sentence should end with a period." source="com.puppycrawl.tools.checkstyle.checks.javadoc.JavadocStyleCheck"/>
<error line="10" column="5" severity="error" message="Missing a Javadoc comment." source="com.puppycrawl.tools.checkstyle.checks.javadoc.JavadocVariableCheck"/>
<error line="11" severity="error" message="Line has trailing spaces." source="com.puppycrawl.tools.checkstyle.checks.regexp.RegexpSinglelineCheck"/>
<error line="12" column="5" severity="error" message="Missing a Javadoc comment." source="com.puppycrawl.tools.checkstyle.checks.javadoc.JavadocVariableCheck"/>
<error line="13" column="5" severity="error" message="Missing a Javadoc comment." source="com.puppycrawl.tools.checkstyle.checks.javadoc.JavadocVariableCheck"/>
<error line="18" severity="error" message="Line is longer than 80 characters (found 105)." source="com.puppycrawl.tools.checkstyle.checks.sizes.LineLengthCheck"/>
<error line="19" severity="error" message="Line is longer than 80 characters (found 97)." source="com.puppycrawl.tools.checkstyle.checks.sizes.LineLengthCheck"/>
<error line="21" column="5" severity="error" message="Method &apos;setTimes&apos; is not designed for extension - needs to be abstract, final or empty." source="com.puppycrawl.tools.checkstyle.checks.design.DesignForExtensionCheck"/>
<error line="21" column="26" severity="error" message="Parameter times should be final." source="com.puppycrawl.tools.checkstyle.checks.FinalParametersCheck"/>
<error line="21" column="30" severity="error" message="&apos;times&apos; hides a field." source="com.puppycrawl.tools.checkstyle.checks.coding.HiddenFieldCheck"/>
<error line="23" severity="error" message="Line is longer than 80 characters (found 111)." source="com.puppycrawl.tools.checkstyle.checks.sizes.LineLengthCheck"/>
<error line="33" severity="error" message="Line has trailing spaces." source="com.puppycrawl.tools.checkstyle.checks.regexp.RegexpSinglelineCheck"/>
<error line="34" column="5" severity="error" message="Method &apos;sayHello&apos; is not designed for extension - needs to be abstract, final or empty." source="com.puppycrawl.tools.checkstyle.checks.design.DesignForExtensionCheck"/>
</file>
</checkstyle>
